2023-12-11 14:56:21,823 WARNING database DDL Query made to DB:
create table `tabQuality Review` (
			name varchar(140) primary key,
			creation datetime(6),
			modified datetime(6),
			modified_by varchar(140),
			owner varchar(140),
			docstatus int(1) not null default '0',
			idx int(8) not null default '0',
			`goal` varchar(140),
`date` date,
`procedure` varchar(140),
`status` varchar(140) default 'Open',
`additional_information` text,
`_user_tags` text,
`_comments` text,
`_assign` text,
`_liked_by` text,

			index modified(modified))
			ENGINE=InnoDB
			ROW_FORMAT=DYNAMIC
			CHARACTER SET=utf8mb4
			COLLATE=utf8mb4_unicode_ci
2023-12-11 14:56:21,916 WARNING database DDL Query made to DB:
create table `tabCommunication Medium` (
			name varchar(140) primary key,
			creation datetime(6),
			modified datetime(6),
			modified_by varchar(140),
			owner varchar(140),
			docstatus int(1) not null default '0',
			idx int(8) not null default '0',
			`communication_channel` varchar(140),
`communication_medium_type` varchar(140),
`catch_all` varchar(140),
`provider` varchar(140),
`disabled` int(1) not null default 0,
`_user_tags` text,
`_comments` text,
`_assign` text,
`_liked_by` text,

			index modified(modified))
			ENGINE=InnoDB
			ROW_FORMAT=DYNAMIC
			CHARACTER SET=utf8mb4
			COLLATE=utf8mb4_unicode_ci
2023-12-11 14:56:21,982 WARNING database DDL Query made to DB:
create table `tabCommunication Medium Timeslot` (
			name varchar(140) primary key,
			creation datetime(6),
			modified datetime(6),
			modified_by varchar(140),
			owner varchar(140),
			docstatus int(1) not null default '0',
			idx int(8) not null default '0',
			`day_of_week` varchar(140),
`from_time` time(6),
`to_time` time(6),
`employee_group` varchar(140),
parent varchar(140),
parentfield varchar(140),
parenttype varchar(140),
index parent(parent),

			index modified(modified))
			ENGINE=InnoDB
			ROW_FORMAT=DYNAMIC
			CHARACTER SET=utf8mb4
			COLLATE=utf8mb4_unicode_ci
2023-12-11 14:56:22,062 WARNING database DDL Query made to DB:
create table `tabLoan Security Pledge` (
			name varchar(140) primary key,
			creation datetime(6),
			modified datetime(6),
			modified_by varchar(140),
			owner varchar(140),
			docstatus int(1) not null default '0',
			idx int(8) not null default '0',
			`applicant_type` varchar(140),
`applicant` varchar(140),
`loan` varchar(140),
`loan_application` varchar(140),
`company` varchar(140),
`pledge_time` datetime(6),
`status` varchar(140) default 'Requested',
`total_security_value` decimal(21,9) not null default 0,
`maximum_loan_value` decimal(21,9) not null default 0,
`reference_no` varchar(140),
`description` text,
`amended_from` varchar(140),
`_user_tags` text,
`_comments` text,
`_assign` text,
`_liked_by` text,

			index modified(modified))
			ENGINE=InnoDB
			ROW_FORMAT=DYNAMIC
			CHARACTER SET=utf8mb4
			COLLATE=utf8mb4_unicode_ci
2023-12-11 14:56:22,155 WARNING database DDL Query made to DB:
create table `tabPledge` (
			name varchar(140) primary key,
			creation datetime(6),
			modified datetime(6),
			modified_by varchar(140),
			owner varchar(140),
			docstatus int(1) not null default '0',
			idx int(8) not null default '0',
			`loan_security` varchar(140),
`loan_security_name` varchar(140),
`loan_security_type` varchar(140),
`loan_security_code` varchar(140),
`uom` varchar(140),
`qty` decimal(21,9) not null default 0,
`haircut` decimal(21,9) not null default 0,
`loan_security_price` decimal(21,9) not null default 0,
`amount` decimal(21,9) not null default 0,
`post_haircut_amount` decimal(21,9) not null default 0,
parent varchar(140),
parentfield varchar(140),
parenttype varchar(140),
index parent(parent),

			index modified(modified))
			ENGINE=InnoDB
			ROW_FORMAT=DYNAMIC
			CHARACTER SET=utf8mb4
			COLLATE=utf8mb4_unicode_ci
2023-12-11 14:56:22,221 WARNING database DDL Query made to DB:
create table `tabLoan Security Price` (
			name varchar(140) primary key,
			creation datetime(6),
			modified datetime(6),
			modified_by varchar(140),
			owner varchar(140),
			docstatus int(1) not null default '0',
			idx int(8) not null default '0',
			`loan_security` varchar(140),
`loan_security_name` varchar(140),
`loan_security_type` varchar(140),
`uom` varchar(140),
`loan_security_price` decimal(21,9) not null default 0,
`valid_from` datetime(6),
`valid_upto` datetime(6),
`_user_tags` text,
`_comments` text,
`_assign` text,
`_liked_by` text,

			index modified(modified))
			ENGINE=InnoDB
			ROW_FORMAT=DYNAMIC
			CHARACTER SET=utf8mb4
			COLLATE=utf8mb4_unicode_ci
2023-12-11 14:56:22,290 WARNING database DDL Query made to DB:
create table `tabLoan Repayment Detail` (
			name varchar(140) primary key,
			creation datetime(6),
			modified datetime(6),
			modified_by varchar(140),
			owner varchar(140),
			docstatus int(1) not null default '0',
			idx int(8) not null default '0',
			`loan_interest_accrual` varchar(140),
`paid_principal_amount` decimal(21,9) not null default 0,
`paid_interest_amount` decimal(21,9) not null default 0,
`accrual_type` varchar(140),
parent varchar(140),
parentfield varchar(140),
parenttype varchar(140),
index parent(parent),

			index modified(modified))
			ENGINE=InnoDB
			ROW_FORMAT=DYNAMIC
			CHARACTER SET=utf8mb4
			COLLATE=utf8mb4_unicode_ci
2023-12-11 14:56:22,381 WARNING database DDL Query made to DB:
create table `tabLoan Application` (
			name varchar(140) primary key,
			creation datetime(6),
			modified datetime(6),
			modified_by varchar(140),
			owner varchar(140),
			docstatus int(1) not null default '0',
			idx int(8) not null default '0',
			`applicant_type` varchar(140),
`applicant` varchar(140),
`applicant_name` varchar(140),
`company` varchar(140),
`posting_date` date,
`status` varchar(140),
`loan_type` varchar(140),
`is_term_loan` int(1) not null default 0,
`loan_amount` decimal(21,9) not null default 0,
`is_secured_loan` int(1) not null default 0,
`rate_of_interest` decimal(21,9) not null default 0,
`description` text,
`maximum_loan_amount` decimal(21,9) not null default 0,
`repayment_method` varchar(140),
`total_payable_amount` decimal(21,9) not null default 0,
`repayment_periods` int(11) not null default 0,
`repayment_amount` decimal(21,9) not null default 0,
`total_payable_interest` decimal(21,9) not null default 0,
`amended_from` varchar(140),
`_user_tags` text,
`_comments` text,
`_assign` text,
`_liked_by` text,

			index modified(modified))
			ENGINE=InnoDB
			ROW_FORMAT=DYNAMIC
			CHARACTER SET=utf8mb4
			COLLATE=utf8mb4_unicode_ci
2023-12-11 14:56:22,479 WARNING database DDL Query made to DB:
create table `tabLoan Interest Accrual` (
			name varchar(140) primary key,
			creation datetime(6),
			modified datetime(6),
			modified_by varchar(140),
			owner varchar(140),
			docstatus int(1) not null default '0',
			idx int(8) not null default '0',
			`loan` varchar(140),
`applicant_type` varchar(140),
`applicant` varchar(140),
`interest_income_account` varchar(140),
`loan_account` varchar(140),
`company` varchar(140),
`posting_date` date,
`accrual_type` varchar(140),
`is_term_loan` int(1) not null default 0,
`pending_principal_amount` decimal(21,9) not null default 0,
`payable_principal_amount` decimal(21,9) not null default 0,
`paid_principal_amount` decimal(21,9) not null default 0,
`interest_amount` decimal(21,9) not null default 0,
`total_pending_interest_amount` decimal(21,9) not null default 0,
`paid_interest_amount` decimal(21,9) not null default 0,
`penalty_amount` decimal(21,9) not null default 0,
`process_loan_interest_accrual` varchar(140),
`repayment_schedule_name` varchar(140),
`last_accrual_date` date,
`amended_from` varchar(140),
`_user_tags` text,
`_comments` text,
`_assign` text,
`_liked_by` text,

			index modified(modified))
			ENGINE=InnoDB
			ROW_FORMAT=DYNAMIC
			CHARACTER SET=utf8mb4
			COLLATE=utf8mb4_unicode_ci
2023-12-11 14:56:22,569 WARNING database DDL Query made to DB:
create table `tabLoan Disbursement` (
			name varchar(140) primary key,
			creation datetime(6),
			modified datetime(6),
			modified_by varchar(140),
			owner varchar(140),
			docstatus int(1) not null default '0',
			idx int(8) not null default '0',
			`against_loan` varchar(140),
`posting_date` date,
`applicant_type` varchar(140),
`company` varchar(140),
`applicant` varchar(140),
`disbursement_date` date,
`clearance_date` date,
`disbursed_amount` decimal(21,9) not null default 0,
`cost_center` varchar(140),
`disbursement_account` varchar(140),
`loan_account` varchar(140),
`bank_account` varchar(140),
`reference_date` date,
`reference_number` varchar(140),
`amended_from` varchar(140),
`_user_tags` text,
`_comments` text,
`_assign` text,
`_liked_by` text,

			index modified(modified))
			ENGINE=InnoDB
			ROW_FORMAT=DYNAMIC
			CHARACTER SET=utf8mb4
			COLLATE=utf8mb4_unicode_ci
2023-12-11 14:56:22,638 WARNING database DDL Query made to DB:
create table `tabProcess Loan Security Shortfall` (
			name varchar(140) primary key,
			creation datetime(6),
			modified datetime(6),
			modified_by varchar(140),
			owner varchar(140),
			docstatus int(1) not null default '0',
			idx int(8) not null default '0',
			`update_time` datetime(6),
`amended_from` varchar(140),
`_user_tags` text,
`_comments` text,
`_assign` text,
`_liked_by` text,

			index modified(modified))
			ENGINE=InnoDB
			ROW_FORMAT=DYNAMIC
			CHARACTER SET=utf8mb4
			COLLATE=utf8mb4_unicode_ci
2023-12-11 14:56:22,714 WARNING database DDL Query made to DB:
create table `tabUnpledge` (
			name varchar(140) primary key,
			creation datetime(6),
			modified datetime(6),
			modified_by varchar(140),
			owner varchar(140),
			docstatus int(1) not null default '0',
			idx int(8) not null default '0',
			`loan_security` varchar(140),
`loan_security_name` varchar(140),
`loan_security_type` varchar(140),
`loan_security_code` varchar(140),
`haircut` decimal(21,9) not null default 0,
`uom` varchar(140),
`qty` decimal(21,9) not null default 0,
parent varchar(140),
parentfield varchar(140),
parenttype varchar(140),
index parent(parent),

			index modified(modified))
			ENGINE=InnoDB
			ROW_FORMAT=DYNAMIC
			CHARACTER SET=utf8mb4
			COLLATE=utf8mb4_unicode_ci
2023-12-11 14:56:22,819 WARNING database DDL Query made to DB:
create table `tabLoan` (
			name varchar(140) primary key,
			creation datetime(6),
			modified datetime(6),
			modified_by varchar(140),
			owner varchar(140),
			docstatus int(1) not null default '0',
			idx int(8) not null default '0',
			`applicant_type` varchar(140),
`applicant` varchar(140),
`applicant_name` varchar(140),
`loan_application` varchar(140),
`company` varchar(140),
`posting_date` date,
`status` varchar(140) default 'Sanctioned',
`loan_type` varchar(140),
`repayment_schedule_type` varchar(140),
`loan_amount` decimal(21,9) not null default 0,
`rate_of_interest` decimal(21,9) not null default 0,
`is_secured_loan` int(1) not null default 0,
`disbursement_date` date,
`closure_date` date,
`disbursed_amount` decimal(21,9) not null default 0,
`maximum_loan_amount` decimal(21,9) not null default 0,
`repayment_method` varchar(140),
`repayment_periods` int(11) not null default 0,
`monthly_repayment_amount` decimal(21,9) not null default 0,
`repayment_start_date` date,
`is_term_loan` int(1) not null default 0,
`cost_center` varchar(140),
`mode_of_payment` varchar(140),
`disbursement_account` varchar(140),
`payment_account` varchar(140),
`loan_account` varchar(140),
`interest_income_account` varchar(140),
`penalty_income_account` varchar(140),
`total_payment` decimal(21,9) not null default 0,
`total_principal_paid` decimal(21,9) not null default 0,
`written_off_amount` decimal(21,9) not null default 0,
`refund_amount` decimal(21,9) not null default 0,
`debit_adjustment_amount` decimal(21,9) not null default 0,
`credit_adjustment_amount` decimal(21,9) not null default 0,
`is_npa` int(1) not null default 0,
`total_interest_payable` decimal(21,9) not null default 0,
`total_amount_paid` decimal(21,9) not null default 0,
`amended_from` varchar(140),
`_user_tags` text,
`_comments` text,
`_assign` text,
`_liked_by` text,

			index modified(modified))
			ENGINE=InnoDB
			ROW_FORMAT=DYNAMIC
			CHARACTER SET=utf8mb4
			COLLATE=utf8mb4_unicode_ci
2023-12-11 14:56:22,909 WARNING database DDL Query made to DB:
create table `tabLoan Type` (
			name varchar(140) primary key,
			creation datetime(6),
			modified datetime(6),
			modified_by varchar(140),
			owner varchar(140),
			docstatus int(1) not null default '0',
			idx int(8) not null default '0',
			`loan_name` varchar(140) unique,
`maximum_loan_amount` decimal(21,9) not null default 0,
`rate_of_interest` decimal(21,9) not null default 0,
`penalty_interest_rate` decimal(21,9) not null default 0,
`grace_period_in_days` int(11) not null default 0,
`write_off_amount` decimal(21,9) not null default 0,
`company` varchar(140),
`is_term_loan` int(1) not null default 0,
`disabled` int(1) not null default 0,
`repayment_schedule_type` varchar(140),
`repayment_date_on` varchar(140),
`description` text,
`mode_of_payment` varchar(140),
`disbursement_account` varchar(140),
`payment_account` varchar(140),
`loan_account` varchar(140),
`interest_income_account` varchar(140),
`penalty_income_account` varchar(140),
`amended_from` varchar(140),
`_user_tags` text,
`_comments` text,
`_assign` text,
`_liked_by` text,

			index modified(modified))
			ENGINE=InnoDB
			ROW_FORMAT=DYNAMIC
			CHARACTER SET=utf8mb4
			COLLATE=utf8mb4_unicode_ci
2023-12-11 14:56:22,992 WARNING database DDL Query made to DB:
create table `tabLoan Security Unpledge` (
			name varchar(140) primary key,
			creation datetime(6),
			modified datetime(6),
			modified_by varchar(140),
			owner varchar(140),
			docstatus int(1) not null default '0',
			idx int(8) not null default '0',
			`loan` varchar(140),
`applicant_type` varchar(140),
`applicant` varchar(140),
`company` varchar(140),
`unpledge_time` datetime(6),
`status` varchar(140) default 'Requested',
`reference_no` varchar(140),
`description` text,
`amended_from` varchar(140),
`_user_tags` text,
`_comments` text,
`_assign` text,
`_liked_by` text,

			index modified(modified))
			ENGINE=InnoDB
			ROW_FORMAT=DYNAMIC
			CHARACTER SET=utf8mb4
			COLLATE=utf8mb4_unicode_ci
2023-12-11 14:56:23,067 WARNING database DDL Query made to DB:
create table `tabLoan Security` (
			name varchar(140) primary key,
			creation datetime(6),
			modified datetime(6),
			modified_by varchar(140),
			owner varchar(140),
			docstatus int(1) not null default '0',
			idx int(8) not null default '0',
			`loan_security_name` varchar(140) unique,
`haircut` decimal(21,9) not null default 0,
`loan_security_code` varchar(140) unique,
`loan_security_type` varchar(140),
`unit_of_measure` varchar(140),
`disabled` int(1) not null default 0,
`_user_tags` text,
`_comments` text,
`_assign` text,
`_liked_by` text,

			index modified(modified))
			ENGINE=InnoDB
			ROW_FORMAT=DYNAMIC
			CHARACTER SET=utf8mb4
			COLLATE=utf8mb4_unicode_ci
2023-12-11 14:56:23,141 WARNING database DDL Query made to DB:
create table `tabLoan Security Type` (
			name varchar(140) primary key,
			creation datetime(6),
			modified datetime(6),
			modified_by varchar(140),
			owner varchar(140),
			docstatus int(1) not null default '0',
			idx int(8) not null default '0',
			`loan_security_type` varchar(140) unique,
`unit_of_measure` varchar(140),
`haircut` decimal(21,9) not null default 0,
`loan_to_value_ratio` decimal(21,9) not null default 0,
`disabled` int(1) not null default 0,
`_user_tags` text,
`_comments` text,
`_assign` text,
`_liked_by` text,

			index modified(modified))
			ENGINE=InnoDB
			ROW_FORMAT=DYNAMIC
			CHARACTER SET=utf8mb4
			COLLATE=utf8mb4_unicode_ci
2023-12-11 14:56:23,219 WARNING database DDL Query made to DB:
create table `tabRepayment Schedule` (
			name varchar(140) primary key,
			creation datetime(6),
			modified datetime(6),
			modified_by varchar(140),
			owner varchar(140),
			docstatus int(1) not null default '0',
			idx int(8) not null default '0',
			`payment_date` date,
`principal_amount` decimal(21,9) not null default 0,
`interest_amount` decimal(21,9) not null default 0,
`total_payment` decimal(21,9) not null default 0,
`balance_loan_amount` decimal(21,9) not null default 0,
`is_accrued` int(1) not null default 0,
parent varchar(140),
parentfield varchar(140),
parenttype varchar(140),
index parent(parent),

			index modified(modified))
			ENGINE=InnoDB
			ROW_FORMAT=DYNAMIC
			CHARACTER SET=utf8mb4
			COLLATE=utf8mb4_unicode_ci
2023-12-11 14:56:23,311 WARNING database DDL Query made to DB:
create table `tabLoan Repayment` (
			name varchar(140) primary key,
			creation datetime(6),
			modified datetime(6),
			modified_by varchar(140),
			owner varchar(140),
			docstatus int(1) not null default '0',
			idx int(8) not null default '0',
			`against_loan` varchar(140),
`applicant_type` varchar(140),
`applicant` varchar(140),
`loan_type` varchar(140),
`company` varchar(140),
`posting_date` datetime(6),
`clearance_date` date,
`rate_of_interest` decimal(21,9) not null default 0,
`is_term_loan` int(1) not null default 0,
`due_date` date,
`pending_principal_amount` decimal(21,9) not null default 0,
`interest_payable` decimal(21,9) not null default 0,
`payable_amount` decimal(21,9) not null default 0,
`shortfall_amount` decimal(21,9) not null default 0,
`payable_principal_amount` decimal(21,9) not null default 0,
`penalty_amount` decimal(21,9) not null default 0,
`amount_paid` decimal(21,9) not null default 0,
`cost_center` varchar(140),
`reference_number` varchar(140),
`reference_date` date,
`principal_amount_paid` decimal(21,9) not null default 0,
`total_penalty_paid` decimal(21,9) not null default 0,
`total_interest_paid` decimal(21,9) not null default 0,
`amended_from` varchar(140),
`payment_account` varchar(140),
`penalty_income_account` varchar(140),
`loan_account` varchar(140),
`_user_tags` text,
`_comments` text,
`_assign` text,
`_liked_by` text,

			index modified(modified))
			ENGINE=InnoDB
			ROW_FORMAT=DYNAMIC
			CHARACTER SET=utf8mb4
			COLLATE=utf8mb4_unicode_ci
2023-12-11 14:56:23,383 WARNING database DDL Query made to DB:
create table `tabSanctioned Loan Amount` (
			name varchar(140) primary key,
			creation datetime(6),
			modified datetime(6),
			modified_by varchar(140),
			owner varchar(140),
			docstatus int(1) not null default '0',
			idx int(8) not null default '0',
			`applicant_type` varchar(140),
`applicant` varchar(140),
`company` varchar(140),
`sanctioned_amount_limit` decimal(21,9) not null default 0,
`_user_tags` text,
`_comments` text,
`_assign` text,
`_liked_by` text,

			index modified(modified))
			ENGINE=InnoDB
			ROW_FORMAT=DYNAMIC
			CHARACTER SET=utf8mb4
			COLLATE=utf8mb4_unicode_ci
2023-12-11 14:56:23,465 WARNING database DDL Query made to DB:
create table `tabLoan Security Shortfall` (
			name varchar(140) primary key,
			creation datetime(6),
			modified datetime(6),
			modified_by varchar(140),
			owner varchar(140),
			docstatus int(1) not null default '0',
			idx int(8) not null default '0',
			`loan` varchar(140),
`applicant_type` varchar(140),
`applicant` varchar(140),
`status` varchar(140) default 'Pending',
`shortfall_time` datetime(6),
`loan_amount` decimal(21,9) not null default 0,
`shortfall_amount` decimal(21,9) not null default 0,
`security_value` decimal(21,9) not null default 0,
`shortfall_percentage` decimal(21,9) not null default 0,
`process_loan_security_shortfall` varchar(140),
`_user_tags` text,
`_comments` text,
`_assign` text,
`_liked_by` text,

			index modified(modified))
			ENGINE=InnoDB
			ROW_FORMAT=DYNAMIC
			CHARACTER SET=utf8mb4
			COLLATE=utf8mb4_unicode_ci
2023-12-11 14:56:23,548 WARNING database DDL Query made to DB:
create table `tabLoan Balance Adjustment` (
			name varchar(140) primary key,
			creation datetime(6),
			modified datetime(6),
			modified_by varchar(140),
			owner varchar(140),
			docstatus int(1) not null default '0',
			idx int(8) not null default '0',
			`loan` varchar(140),
`applicant_type` varchar(140),
`applicant` varchar(140),
`company` varchar(140),
`posting_date` date,
`cost_center` varchar(140),
`adjustment_account` varchar(140),
`adjustment_type` varchar(140),
`amount` decimal(21,9) not null default 0,
`reference_number` varchar(140),
`remarks` varchar(140),
`amended_from` varchar(140),
`_user_tags` text,
`_comments` text,
`_assign` text,
`_liked_by` text,

			index modified(modified))
			ENGINE=InnoDB
			ROW_FORMAT=DYNAMIC
			CHARACTER SET=utf8mb4
			COLLATE=utf8mb4_unicode_ci
2023-12-11 14:56:23,623 WARNING database DDL Query made to DB:
create table `tabProcess Loan Interest Accrual` (
			name varchar(140) primary key,
			creation datetime(6),
			modified datetime(6),
			modified_by varchar(140),
			owner varchar(140),
			docstatus int(1) not null default '0',
			idx int(8) not null default '0',
			`posting_date` date,
`loan_type` varchar(140),
`loan` varchar(140),
`process_type` varchar(140),
`accrual_type` varchar(140),
`amended_from` varchar(140),
`_user_tags` text,
`_comments` text,
`_assign` text,
`_liked_by` text,

			index modified(modified))
			ENGINE=InnoDB
			ROW_FORMAT=DYNAMIC
			CHARACTER SET=utf8mb4
			COLLATE=utf8mb4_unicode_ci
2023-12-11 14:56:23,708 WARNING database DDL Query made to DB:
create table `tabLoan Refund` (
			name varchar(140) primary key,
			creation datetime(6),
			modified datetime(6),
			modified_by varchar(140),
			owner varchar(140),
			docstatus int(1) not null default '0',
			idx int(8) not null default '0',
			`loan` varchar(140),
`applicant_type` varchar(140),
`applicant` varchar(140),
`company` varchar(140),
`posting_date` date,
`cost_center` varchar(140),
`refund_account` varchar(140),
`refund_amount` decimal(21,9) not null default 0,
`reference_number` varchar(140),
`amended_from` varchar(140),
`_user_tags` text,
`_comments` text,
`_assign` text,
`_liked_by` text,

			index modified(modified))
			ENGINE=InnoDB
			ROW_FORMAT=DYNAMIC
			CHARACTER SET=utf8mb4
			COLLATE=utf8mb4_unicode_ci
2023-12-11 14:56:23,788 WARNING database DDL Query made to DB:
create table `tabLoan Write Off` (
			name varchar(140) primary key,
			creation datetime(6),
			modified datetime(6),
			modified_by varchar(140),
			owner varchar(140),
			docstatus int(1) not null default '0',
			idx int(8) not null default '0',
			`loan` varchar(140),
`applicant_type` varchar(140),
`applicant` varchar(140),
`company` varchar(140),
`posting_date` date,
`cost_center` varchar(140),
`write_off_account` varchar(140),
`write_off_amount` decimal(21,9) not null default 0,
`amended_from` varchar(140),
`_user_tags` text,
`_comments` text,
`_assign` text,
`_liked_by` text,

			index modified(modified))
			ENGINE=InnoDB
			ROW_FORMAT=DYNAMIC
			CHARACTER SET=utf8mb4
			COLLATE=utf8mb4_unicode_ci
2023-12-11 14:56:23,862 WARNING database DDL Query made to DB:
create table `tabProposed Pledge` (
			name varchar(140) primary key,
			creation datetime(6),
			modified datetime(6),
			modified_by varchar(140),
			owner varchar(140),
			docstatus int(1) not null default '0',
			idx int(8) not null default '0',
			`loan_security` varchar(140),
`loan_security_name` varchar(140),
`qty` decimal(21,9) not null default 0,
`loan_security_price` decimal(21,9) not null default 0,
`amount` decimal(21,9) not null default 0,
`haircut` decimal(21,9) not null default 0,
`post_haircut_amount` decimal(21,9) not null default 0,
parent varchar(140),
parentfield varchar(140),
parenttype varchar(140),
index parent(parent),

			index modified(modified))
			ENGINE=InnoDB
			ROW_FORMAT=DYNAMIC
			CHARACTER SET=utf8mb4
			COLLATE=utf8mb4_unicode_ci
2023-12-11 14:56:24,063 WARNING database DDL Query made to DB:
create table `tabIncoming Call Handling Schedule` (
			name varchar(140) primary key,
			creation datetime(6),
			modified datetime(6),
			modified_by varchar(140),
			owner varchar(140),
			docstatus int(1) not null default '0',
			idx int(8) not null default '0',
			`day_of_week` varchar(140),
`from_time` time(6) default '9:00:00',
`to_time` time(6) default '17:00:00',
`agent_group` varchar(140),
parent varchar(140),
parentfield varchar(140),
parenttype varchar(140),
index parent(parent),

			index modified(modified))
			ENGINE=InnoDB
			ROW_FORMAT=DYNAMIC
			CHARACTER SET=utf8mb4
			COLLATE=utf8mb4_unicode_ci
2023-12-11 14:56:24,143 WARNING database DDL Query made to DB:
create table `tabCall Log` (
			name varchar(140) primary key,
			creation datetime(6),
			modified datetime(6),
			modified_by varchar(140),
			owner varchar(140),
			docstatus int(1) not null default '0',
			idx int(8) not null default '0',
			`id` varchar(140) unique,
`from` varchar(140),
`to` varchar(140),
`call_received_by` varchar(140),
`employee_user_id` varchar(140),
`medium` varchar(140),
`start_time` datetime(6),
`end_time` datetime(6),
`type` varchar(140),
`customer` varchar(140),
`status` varchar(140),
`duration` decimal(21,9),
`recording_url` varchar(140),
`type_of_call` varchar(140),
`summary` text,
`_user_tags` text,
`_comments` text,
`_assign` text,
`_liked_by` text,

			index modified(modified))
			ENGINE=InnoDB
			ROW_FORMAT=DYNAMIC
			CHARACTER SET=utf8mb4
			COLLATE=utf8mb4_unicode_ci
2023-12-11 14:56:24,218 WARNING database DDL Query made to DB:
create table `tabVoice Call Settings` (
			name varchar(140) primary key,
			creation datetime(6),
			modified datetime(6),
			modified_by varchar(140),
			owner varchar(140),
			docstatus int(1) not null default '0',
			idx int(8) not null default '0',
			`user` varchar(140) unique,
`call_receiving_device` varchar(140) default 'Computer',
`greeting_message` varchar(140),
`agent_busy_message` varchar(140),
`agent_unavailable_message` varchar(140),
`_user_tags` text,
`_comments` text,
`_assign` text,
`_liked_by` text,

			index modified(modified))
			ENGINE=InnoDB
			ROW_FORMAT=DYNAMIC
			CHARACTER SET=utf8mb4
			COLLATE=utf8mb4_unicode_ci
2023-12-11 14:56:24,285 WARNING database DDL Query made to DB:
create table `tabIncoming Call Settings` (
			name varchar(140) primary key,
			creation datetime(6),
			modified datetime(6),
			modified_by varchar(140),
			owner varchar(140),
			docstatus int(1) not null default '0',
			idx int(8) not null default '0',
			`call_routing` varchar(140) default 'Sequential',
`greeting_message` varchar(140),
`agent_busy_message` varchar(140),
`agent_unavailable_message` varchar(140),
`_user_tags` text,
`_comments` text,
`_assign` text,
`_liked_by` text,

			index modified(modified))
			ENGINE=InnoDB
			ROW_FORMAT=DYNAMIC
			CHARACTER SET=utf8mb4
			COLLATE=utf8mb4_unicode_ci
2023-12-11 14:56:24,351 WARNING database DDL Query made to DB:
create table `tabTelephony Call Type` (
			name varchar(140) primary key,
			creation datetime(6),
			modified datetime(6),
			modified_by varchar(140),
			owner varchar(140),
			docstatus int(1) not null default '0',
			idx int(8) not null default '0',
			`call_type` varchar(140) unique,
`amended_from` varchar(140),
`_user_tags` text,
`_comments` text,
`_assign` text,
`_liked_by` text,

			index modified(modified))
			ENGINE=InnoDB
			ROW_FORMAT=DYNAMIC
			CHARACTER SET=utf8mb4
			COLLATE=utf8mb4_unicode_ci
2023-12-11 14:56:24,487 WARNING database DDL Query made to DB:
create table `tabBulk Transaction Log Detail` (
			name varchar(140) primary key,
			creation datetime(6),
			modified datetime(6),
			modified_by varchar(140),
			owner varchar(140),
			docstatus int(1) not null default '0',
			idx int(8) not null default '0',
			`from_doctype` varchar(140),
`transaction_name` varchar(140),
`date` date,
`time` time(6),
`transaction_status` varchar(140),
`error_description` longtext,
`to_doctype` varchar(140),
`retried` int(11) not null default 0,
`_user_tags` text,
`_comments` text,
`_assign` text,
`_liked_by` text,
index `from_doctype`(`from_doctype`),
index `transaction_name`(`transaction_name`),
index `date`(`date`),

			index modified(modified))
			ENGINE=InnoDB
			ROW_FORMAT=DYNAMIC
			CHARACTER SET=utf8mb4
			COLLATE=utf8mb4_unicode_ci
2023-12-11 14:56:24,558 WARNING database DDL Query made to DB:
create table `tabRecommended Items` (
			name varchar(140) primary key,
			creation datetime(6),
			modified datetime(6),
			modified_by varchar(140),
			owner varchar(140),
			docstatus int(1) not null default '0',
			idx int(8) not null default '0',
			`website_item` varchar(140),
`website_item_name` varchar(140),
`item_code` varchar(140),
`route` text,
`website_item_image` text,
`website_item_thumbnail` varchar(140),
parent varchar(140),
parentfield varchar(140),
parenttype varchar(140),
index parent(parent),

			index modified(modified))
			ENGINE=InnoDB
			ROW_FORMAT=DYNAMIC
			CHARACTER SET=utf8mb4
			COLLATE=utf8mb4_unicode_ci
2023-12-11 14:56:24,629 WARNING database DDL Query made to DB:
create table `tabWebsite Offer` (
			name varchar(140) primary key,
			creation datetime(6),
			modified datetime(6),
			modified_by varchar(140),
			owner varchar(140),
			docstatus int(1) not null default '0',
			idx int(8) not null default '0',
			`offer_title` varchar(140),
`offer_subtitle` varchar(140),
`offer_details` longtext,
parent varchar(140),
parentfield varchar(140),
parenttype varchar(140),
index parent(parent),

			index modified(modified))
			ENGINE=InnoDB
			ROW_FORMAT=DYNAMIC
			CHARACTER SET=utf8mb4
			COLLATE=utf8mb4_unicode_ci
2023-12-11 14:56:24,689 WARNING database DDL Query made to DB:
create table `tabWishlist` (
			name varchar(140) primary key,
			creation datetime(6),
			modified datetime(6),
			modified_by varchar(140),
			owner varchar(140),
			docstatus int(1) not null default '0',
			idx int(8) not null default '0',
			`user` varchar(140) unique,
`_user_tags` text,
`_comments` text,
`_assign` text,
`_liked_by` text,

			index modified(modified))
			ENGINE=InnoDB
			ROW_FORMAT=DYNAMIC
			CHARACTER SET=utf8mb4
			COLLATE=utf8mb4_unicode_ci
2023-12-11 14:56:24,760 WARNING database DDL Query made to DB:
create table `tabWebsite Item Tabbed Section` (
			name varchar(140) primary key,
			creation datetime(6),
			modified datetime(6),
			modified_by varchar(140),
			owner varchar(140),
			docstatus int(1) not null default '0',
			idx int(8) not null default '0',
			`label` varchar(140),
`content` longtext,
parent varchar(140),
parentfield varchar(140),
parenttype varchar(140),
index parent(parent),

			index modified(modified))
			ENGINE=InnoDB
			ROW_FORMAT=DYNAMIC
			CHARACTER SET=utf8mb4
			COLLATE=utf8mb4_unicode_ci
2023-12-11 14:56:24,834 WARNING database DDL Query made to DB:
create table `tabItem Review` (
			name varchar(140) primary key,
			creation datetime(6),
			modified datetime(6),
			modified_by varchar(140),
			owner varchar(140),
			docstatus int(1) not null default '0',
			idx int(8) not null default '0',
			`website_item` varchar(140),
`user` varchar(140),
`customer` varchar(140),
`item` varchar(140),
`published_on` varchar(140),
`review_title` varchar(140),
`rating` decimal(3,2),
`comment` text,
`_user_tags` text,
`_comments` text,
`_assign` text,
`_liked_by` text,

			index modified(modified))
			ENGINE=InnoDB
			ROW_FORMAT=DYNAMIC
			CHARACTER SET=utf8mb4
			COLLATE=utf8mb4_unicode_ci
2023-12-11 14:56:24,922 WARNING database DDL Query made to DB:
create table `tabWishlist Item` (
			name varchar(140) primary key,
			creation datetime(6),
			modified datetime(6),
			modified_by varchar(140),
			owner varchar(140),
			docstatus int(1) not null default '0',
			idx int(8) not null default '0',
			`item_code` varchar(140),
`website_item` varchar(140),
`web_item_name` varchar(140),
`item_name` varchar(140),
`item_group` varchar(140),
`description` longtext,
`route` text,
`image` text,
`warehouse` varchar(140),
parent varchar(140),
parentfield varchar(140),
parenttype varchar(140),
index parent(parent),

			index modified(modified))
			ENGINE=InnoDB
			ROW_FORMAT=DYNAMIC
			CHARACTER SET=utf8mb4
			COLLATE=utf8mb4_unicode_ci
2023-12-11 14:56:25,028 WARNING database DDL Query made to DB:
create table `tabWebsite Item` (
			name varchar(140) primary key,
			creation datetime(6),
			modified datetime(6),
			modified_by varchar(140),
			owner varchar(140),
			docstatus int(1) not null default '0',
			idx int(8) not null default '0',
			`naming_series` varchar(140) default 'WEB-ITM-.####',
`web_item_name` varchar(140),
`route` text,
`has_variants` int(1) not null default 0,
`variant_of` varchar(140),
`published` int(1) not null default 1,
`item_code` varchar(140),
`item_name` varchar(140),
`item_group` varchar(140),
`stock_uom` varchar(140),
`description` longtext,
`brand` varchar(140),
`website_image` text,
`website_image_alt` varchar(140),
`slideshow` varchar(140),
`thumbnail` varchar(140),
`website_warehouse` varchar(140),
`on_backorder` int(1) not null default 0,
`short_description` text,
`web_long_description` longtext,
`show_tabbed_section` int(1) not null default 0,
`ranking` int(11) not null default 0,
`website_content` longtext,
`_user_tags` text,
`_comments` text,
`_assign` text,
`_liked_by` text,
index `variant_of`(`variant_of`),
index `item_group`(`item_group`),
index `brand`(`brand`),

			index modified(modified))
			ENGINE=InnoDB
			ROW_FORMAT=DYNAMIC
			CHARACTER SET=utf8mb4
			COLLATE=utf8mb4_unicode_ci
2023-12-11 14:56:25,085 WARNING database DDL Query made to DB:
ALTER TABLE `tabWebsite Item`
				ADD INDEX `route_index`(route(500))
2023-12-11 14:56:25,404 WARNING database DDL Query made to DB:
create table `tabSubcontracting Order Item` (
			name varchar(140) primary key,
			creation datetime(6),
			modified datetime(6),
			modified_by varchar(140),
			owner varchar(140),
			docstatus int(1) not null default '0',
			idx int(8) not null default '0',
			`item_code` varchar(140),
`item_name` varchar(140),
`bom` varchar(140),
`include_exploded_items` int(1) not null default 0,
`schedule_date` date,
`expected_delivery_date` date,
`description` longtext,
`image` text,
`qty` decimal(21,9) not null default 1.0,
`received_qty` decimal(21,9) not null default 0,
`returned_qty` decimal(21,9) not null default 0,
`stock_uom` varchar(140),
`conversion_factor` decimal(21,9) not null default 1.0,
`rate` decimal(21,9) not null default 0,
`amount` decimal(21,9) not null default 0,
`rm_cost_per_qty` decimal(21,9) not null default 0,
`service_cost_per_qty` decimal(21,9) not null default 0,
`additional_cost_per_qty` decimal(21,9) not null default 0,
`warehouse` varchar(140),
`expense_account` varchar(140),
`manufacturer` varchar(140),
`manufacturer_part_no` varchar(140),
`material_request` varchar(140),
`material_request_item` varchar(140),
`cost_center` varchar(140),
`project` varchar(140),
`page_break` int(1) not null default 0,
index `item_code`(`item_code`),
index `expected_delivery_date`(`expected_delivery_date`),
index `material_request`(`material_request`),
index `material_request_item`(`material_request_item`),
parent varchar(140),
parentfield varchar(140),
parenttype varchar(140),
index parent(parent),

			index modified(modified))
			ENGINE=InnoDB
			ROW_FORMAT=DYNAMIC
			CHARACTER SET=utf8mb4
			COLLATE=utf8mb4_unicode_ci
2023-12-11 14:56:25,484 WARNING database DDL Query made to DB:
create table `tabSubcontracting Order Supplied Item` (
			name varchar(140) primary key,
			creation datetime(6),
			modified datetime(6),
			modified_by varchar(140),
			owner varchar(140),
			docstatus int(1) not null default '0',
			idx int(8) not null default '0',
			`main_item_code` varchar(140),
`rm_item_code` varchar(140),
`stock_uom` varchar(140),
`conversion_factor` decimal(21,9) not null default 1.0,
`reserve_warehouse` varchar(140),
`bom_detail_no` varchar(140),
`reference_name` varchar(140),
`rate` decimal(21,9) not null default 0,
`amount` decimal(21,9) not null default 0,
`required_qty` decimal(21,9) not null default 0,
`supplied_qty` decimal(21,9) not null default 0,
`consumed_qty` decimal(21,9) not null default 0,
`returned_qty` decimal(21,9) not null default 0,
`total_supplied_qty` decimal(21,9) not null default 0,
parent varchar(140),
parentfield varchar(140),
parenttype varchar(140),
index parent(parent),

			index modified(modified))
			ENGINE=InnoDB
			ROW_FORMAT=DYNAMIC
			CHARACTER SET=utf8mb4
			COLLATE=utf8mb4_unicode_ci
2023-12-11 14:56:25,600 WARNING database DDL Query made to DB:
create table `tabSubcontracting Order` (
			name varchar(140) primary key,
			creation datetime(6),
			modified datetime(6),
			modified_by varchar(140),
			owner varchar(140),
			docstatus int(1) not null default '0',
			idx int(8) not null default '0',
			`title` varchar(140) default '{supplier_name}',
`naming_series` varchar(140),
`purchase_order` varchar(140),
`supplier` varchar(140),
`supplier_name` varchar(140),
`supplier_warehouse` varchar(140),
`company` varchar(140),
`transaction_date` date,
`schedule_date` date,
`amended_from` varchar(140),
`cost_center` varchar(140),
`project` varchar(140),
`supplier_address` varchar(140),
`address_display` text,
`contact_person` varchar(140),
`contact_display` text,
`contact_mobile` text,
`contact_email` text,
`shipping_address` varchar(140),
`shipping_address_display` text,
`billing_address` varchar(140),
`billing_address_display` text,
`set_warehouse` varchar(140),
`total_qty` decimal(21,9) not null default 0,
`total` decimal(21,9) not null default 0,
`set_reserve_warehouse` varchar(140),
`distribute_additional_costs_based_on` varchar(140) default 'Qty',
`total_additional_costs` decimal(21,9) not null default 0,
`status` varchar(140) default 'Draft',
`per_received` decimal(21,9) not null default 0,
`select_print_heading` varchar(140),
`letter_head` varchar(140),
`_user_tags` text,
`_comments` text,
`_assign` text,
`_liked_by` text,
index `supplier`(`supplier`),
index `transaction_date`(`transaction_date`),
index `status`(`status`),

			index modified(modified))
			ENGINE=InnoDB
			ROW_FORMAT=DYNAMIC
			CHARACTER SET=utf8mb4
			COLLATE=utf8mb4_unicode_ci
2023-12-11 14:56:25,760 WARNING database DDL Query made to DB:
create table `tabSubcontracting Receipt` (
			name varchar(140) primary key,
			creation datetime(6),
			modified datetime(6),
			modified_by varchar(140),
			owner varchar(140),
			docstatus int(1) not null default '0',
			idx int(8) not null default '0',
			`title` varchar(140) default '{supplier_name}',
`naming_series` varchar(140),
`supplier` varchar(140),
`supplier_name` varchar(140),
`supplier_delivery_note` varchar(140),
`company` varchar(140),
`posting_date` date,
`posting_time` time(6),
`set_posting_time` int(1) not null default 0,
`is_return` int(1) not null default 0,
`return_against` varchar(140),
`cost_center` varchar(140),
`project` varchar(140),
`supplier_address` varchar(140),
`contact_person` varchar(140),
`address_display` text,
`contact_display` text,
`contact_mobile` text,
`contact_email` text,
`shipping_address` varchar(140),
`shipping_address_display` text,
`billing_address` varchar(140),
`billing_address_display` text,
`set_warehouse` varchar(140),
`rejected_warehouse` varchar(140),
`supplier_warehouse` varchar(140),
`total_qty` decimal(21,9) not null default 0,
`total` decimal(21,9) not null default 0,
`distribute_additional_costs_based_on` varchar(140) default 'Qty',
`total_additional_costs` decimal(21,9) not null default 0,
`in_words` varchar(240),
`bill_no` varchar(140),
`bill_date` date,
`status` varchar(140) default 'Draft',
`per_returned` decimal(21,9) not null default 0,
`amended_from` varchar(140),
`range` varchar(140),
`represents_company` varchar(140),
`auto_repeat` varchar(140),
`letter_head` varchar(140),
`language` varchar(140),
`instructions` text,
`select_print_heading` varchar(140),
`remarks` text,
`transporter_name` varchar(140),
`lr_no` varchar(140),
`lr_date` date,
`_user_tags` text,
`_comments` text,
`_assign` text,
`_liked_by` text,
index `supplier`(`supplier`),
index `posting_date`(`posting_date`),
index `status`(`status`),

			index modified(modified))
			ENGINE=InnoDB
			ROW_FORMAT=DYNAMIC
			CHARACTER SET=utf8mb4
			COLLATE=utf8mb4_unicode_ci
2023-12-11 14:56:25,866 WARNING database DDL Query made to DB:
create table `tabSubcontracting Receipt Supplied Item` (
			name varchar(140) primary key,
			creation datetime(6),
			modified datetime(6),
			modified_by varchar(140),
			owner varchar(140),
			docstatus int(1) not null default '0',
			idx int(8) not null default '0',
			`main_item_code` varchar(140),
`rm_item_code` varchar(140),
`item_name` varchar(140),
`bom_detail_no` varchar(140),
`description` longtext,
`stock_uom` varchar(140),
`conversion_factor` decimal(21,9) not null default 1.0,
`reference_name` varchar(140),
`rate` decimal(21,9) not null default 0,
`amount` decimal(21,9) not null default 0,
`available_qty_for_consumption` decimal(21,9) not null default 0,
`required_qty` decimal(21,9) not null default 0,
`consumed_qty` decimal(21,9) not null default 0,
`current_stock` decimal(21,9) not null default 0,
`batch_no` varchar(140),
`serial_no` text,
`subcontracting_order` varchar(140),
parent varchar(140),
parentfield varchar(140),
parenttype varchar(140),
index parent(parent),

			index modified(modified))
			ENGINE=InnoDB
			ROW_FORMAT=DYNAMIC
			CHARACTER SET=utf8mb4
			COLLATE=utf8mb4_unicode_ci
2023-12-11 14:56:25,943 WARNING database DDL Query made to DB:
create table `tabSubcontracting Order Service Item` (
			name varchar(140) primary key,
			creation datetime(6),
			modified datetime(6),
			modified_by varchar(140),
			owner varchar(140),
			docstatus int(1) not null default '0',
			idx int(8) not null default '0',
			`item_code` varchar(140),
`item_name` varchar(140),
`qty` decimal(21,9) not null default 0,
`rate` decimal(21,9) not null default 0,
`amount` decimal(21,9) not null default 0,
`fg_item` varchar(140),
`fg_item_qty` decimal(21,9) not null default 1.0,
`material_request` varchar(140),
`material_request_item` varchar(140),
index `item_code`(`item_code`),
parent varchar(140),
parentfield varchar(140),
parenttype varchar(140),
index parent(parent),

			index modified(modified))
			ENGINE=InnoDB
			ROW_FORMAT=DYNAMIC
			CHARACTER SET=utf8mb4
			COLLATE=utf8mb4_unicode_ci
2023-12-11 14:56:26,060 WARNING database DDL Query made to DB:
create table `tabSubcontracting Receipt Item` (
			name varchar(140) primary key,
			creation datetime(6),
			modified datetime(6),
			modified_by varchar(140),
			owner varchar(140),
			docstatus int(1) not null default '0',
			idx int(8) not null default '0',
			`item_code` varchar(140),
`item_name` varchar(140),
`description` longtext,
`brand` varchar(140),
`image` text,
`received_qty` decimal(21,9) not null default 0,
`qty` decimal(21,9) not null default 0,
`rejected_qty` decimal(21,9) not null default 0,
`returned_qty` decimal(21,9) not null default 0,
`stock_uom` varchar(140),
`conversion_factor` decimal(21,9) not null default 1.0,
`rate` decimal(21,9) not null default 0,
`amount` decimal(21,9) not null default 0,
`rm_cost_per_qty` decimal(21,9) not null default 0,
`service_cost_per_qty` decimal(21,9) not null default 0,
`additional_cost_per_qty` decimal(21,9) not null default 0,
`rm_supp_cost` decimal(21,9) not null default 0,
`warehouse` varchar(140),
`rejected_warehouse` varchar(140),
`subcontracting_order` varchar(140),
`schedule_date` date,
`quality_inspection` varchar(140),
`subcontracting_order_item` varchar(140),
`subcontracting_receipt_item` varchar(140),
`bom` varchar(140),
`include_exploded_items` int(1) not null default 0,
`serial_no` text,
`batch_no` varchar(140),
`rejected_serial_no` text,
`manufacturer` varchar(140),
`manufacturer_part_no` varchar(140),
`expense_account` varchar(140),
`cost_center` varchar(140),
`project` varchar(140),
`page_break` int(1) not null default 0,
index `item_code`(`item_code`),
index `subcontracting_order`(`subcontracting_order`),
index `subcontracting_order_item`(`subcontracting_order_item`),
parent varchar(140),
parentfield varchar(140),
parenttype varchar(140),
index parent(parent),

			index modified(modified))
			ENGINE=InnoDB
			ROW_FORMAT=DYNAMIC
			CHARACTER SET=utf8mb4
			COLLATE=utf8mb4_unicode_ci
2023-12-11 14:56:34,348 WARNING database DDL Query made to DB:
ALTER TABLE `tabAddress` ADD COLUMN `tax_category` varchar(140), ADD COLUMN `is_your_company_address` int(1) not null default 0
2023-12-11 14:56:34,435 WARNING database DDL Query made to DB:
ALTER TABLE `tabContact` ADD COLUMN `is_billing_contact` int(1) not null default 0
2023-12-11 15:15:05,825 WARNING database DDL Query made to DB:
create table `tabStudents_list` (
			name varchar(140) primary key,
			creation datetime(6),
			modified datetime(6),
			modified_by varchar(140),
			owner varchar(140),
			docstatus int(1) not null default '0',
			idx int(8) not null default '0',
			`stud_name` varchar(140),
`stud_surname` varchar(140),
`dob` date,
`age` varchar(140),
`stud_medium` varchar(140),
`stud_board` varchar(140),
`stud_blood` varchar(140),
`stud_add` text,
`stud_parent_no` varchar(140),
`stud_image` text,
`stud_sign` longtext,
`_user_tags` text,
`_comments` text,
`_assign` text,
`_liked_by` text,

			index modified(modified))
			ENGINE=InnoDB
			ROW_FORMAT=DYNAMIC
			CHARACTER SET=utf8mb4
			COLLATE=utf8mb4_unicode_ci
2023-12-11 15:18:41,157 WARNING database DDL Query made to DB:
ALTER TABLE `tabStudents_list` ADD COLUMN `stud_middlename` varchar(140), ADD COLUMN `stud_fullname` varchar(140)
2023-12-11 16:04:10,550 WARNING database DDL Query made to DB:
create table `tabMarks` (
			name varchar(140) primary key,
			creation datetime(6),
			modified datetime(6),
			modified_by varchar(140),
			owner varchar(140),
			docstatus int(1) not null default '0',
			idx int(8) not null default '0',
			`hist_mks` int(11) not null default 0,
`math_mks` int(11) not null default 0,
`sci_mks` int(11) not null default 0,
parent varchar(140),
parentfield varchar(140),
parenttype varchar(140),
index parent(parent),

			index modified(modified))
			ENGINE=InnoDB
			ROW_FORMAT=DYNAMIC
			CHARACTER SET=utf8mb4
			COLLATE=utf8mb4_unicode_ci
2023-12-11 16:10:45,276 WARNING database DDL Query made to DB:
create table `tabStud_marks_details` (
			name varchar(140) primary key,
			creation datetime(6),
			modified datetime(6),
			modified_by varchar(140),
			owner varchar(140),
			docstatus int(1) not null default '0',
			idx int(8) not null default '0',
			`stud_fullname` varchar(140),
`history` int(11) not null default 0,
`maths` int(11) not null default 0,
`science` int(11) not null default 0,
`_user_tags` text,
`_comments` text,
`_assign` text,
`_liked_by` text,

			index modified(modified))
			ENGINE=InnoDB
			ROW_FORMAT=DYNAMIC
			CHARACTER SET=utf8mb4
			COLLATE=utf8mb4_unicode_ci
2023-12-11 16:12:04,214 WARNING database DDL Query made to DB:
ALTER TABLE `tabStudents_list` ADD COLUMN `show` int(1) not null default 0
2023-12-12 09:39:02,816 WARNING database DDL Query made to DB:
create table `tabArticle` (
			name varchar(140) primary key,
			creation datetime(6),
			modified datetime(6),
			modified_by varchar(140),
			owner varchar(140),
			docstatus int(1) not null default '0',
			idx int(8) not null default '0',
			`article_name` varchar(140),
`image` text,
`author` varchar(140),
`description` longtext,
`isbn` varchar(140),
`status` varchar(140),
`publisher` varchar(140),
`_user_tags` text,
`_comments` text,
`_assign` text,
`_liked_by` text,

			index modified(modified))
			ENGINE=InnoDB
			ROW_FORMAT=DYNAMIC
			CHARACTER SET=utf8mb4
			COLLATE=utf8mb4_unicode_ci
2023-12-12 09:50:49,731 WARNING database DDL Query made to DB:
ALTER TABLE `tabArticle` ADD UNIQUE INDEX IF NOT EXISTS article_name (`article_name`)
2023-12-12 10:26:07,104 WARNING database DDL Query made to DB:
create table `tabLibrary Member` (
			name varchar(140) primary key,
			creation datetime(6),
			modified datetime(6),
			modified_by varchar(140),
			owner varchar(140),
			docstatus int(1) not null default '0',
			idx int(8) not null default '0',
			`first_name` varchar(140),
`last_name` varchar(140),
`full_name` varchar(140),
`email_address` varchar(140),
`phone` varchar(140),
`_user_tags` text,
`_comments` text,
`_assign` text,
`_liked_by` text,

			index modified(modified))
			ENGINE=InnoDB
			ROW_FORMAT=DYNAMIC
			CHARACTER SET=utf8mb4
			COLLATE=utf8mb4_unicode_ci
2023-12-12 11:21:03,662 WARNING database DDL Query made to DB:
create table `tabLibrary Membership` (
			name varchar(140) primary key,
			creation datetime(6),
			modified datetime(6),
			modified_by varchar(140),
			owner varchar(140),
			docstatus int(1) not null default '0',
			idx int(8) not null default '0',
			`library_member` varchar(140),
`full_name` varchar(140),
`from_date` date,
`to_date` varchar(140),
`paid` int(1) not null default 0,
`amended_from` varchar(140),
`_user_tags` text,
`_comments` text,
`_assign` text,
`_liked_by` text,
index `amended_from`(`amended_from`),

			index modified(modified))
			ENGINE=InnoDB
			ROW_FORMAT=DYNAMIC
			CHARACTER SET=utf8mb4
			COLLATE=utf8mb4_unicode_ci
2023-12-12 11:43:22,409 WARNING database DDL Query made to DB:
create table `tabLibrary Transaction` (
			name varchar(140) primary key,
			creation datetime(6),
			modified datetime(6),
			modified_by varchar(140),
			owner varchar(140),
			docstatus int(1) not null default '0',
			idx int(8) not null default '0',
			`article` varchar(140),
`library_member` varchar(140),
`type` varchar(140),
`date` date,
`amended_from` varchar(140),
`_user_tags` text,
`_comments` text,
`_assign` text,
`_liked_by` text,
index `amended_from`(`amended_from`),

			index modified(modified))
			ENGINE=InnoDB
			ROW_FORMAT=DYNAMIC
			CHARACTER SET=utf8mb4
			COLLATE=utf8mb4_unicode_ci
2023-12-12 11:57:57,021 WARNING database DDL Query made to DB:
ALTER TABLE `tabLibrary Member` ADD UNIQUE INDEX IF NOT EXISTS full_name (`full_name`)
2023-12-12 12:49:25,859 WARNING database DDL Query made to DB:
ALTER TABLE `tabArticle` ADD COLUMN `route` varchar(140)
2023-12-13 10:33:30,190 WARNING database DDL Query made to DB:
ALTER TABLE `tabLibrary Member` ADD UNIQUE INDEX IF NOT EXISTS first_name (`first_name`)
2023-12-13 10:40:44,507 WARNING database DDL Query made to DB:
ALTER TABLE `tabLibrary Member` DROP INDEX `full_name`
2023-12-13 10:45:34,487 WARNING database DDL Query made to DB:
ALTER TABLE `tabLibrary Member` DROP INDEX `first_name`
2023-12-13 11:16:42,004 WARNING database DDL Query made to DB:
create table `tabInformation` (
			name varchar(140) primary key,
			creation datetime(6),
			modified datetime(6),
			modified_by varchar(140),
			owner varchar(140),
			docstatus int(1) not null default '0',
			idx int(8) not null default '0',
			`customer_full_name` varchar(140),
`customer_address` varchar(140),
`address_1` text,
`address_2` text,
`_user_tags` text,
`_comments` text,
`_assign` text,
`_liked_by` text,

			index modified(modified))
			ENGINE=InnoDB
			ROW_FORMAT=DYNAMIC
			CHARACTER SET=utf8mb4
			COLLATE=utf8mb4_unicode_ci
2023-12-13 11:26:13,192 WARNING database DDL Query made to DB:
ALTER TABLE `tabInformation` ADD COLUMN `ccontact_no` int(11) not null default 0, ADD COLUMN `email_address` varchar(140), ADD COLUMN `password` text
2023-12-13 11:26:13,207 WARNING database DDL Query made to DB:
ALTER TABLE `tabInformation` MODIFY `customer_address` text
2023-12-14 10:10:38,175 WARNING database DDL Query made to DB:
create table `tabDates` (
			name varchar(140) primary key,
			creation datetime(6),
			modified datetime(6),
			modified_by varchar(140),
			owner varchar(140),
			docstatus int(1) not null default '0',
			idx int(8) not null default '0',
			`date` varchar(140),
parent varchar(140),
parentfield varchar(140),
parenttype varchar(140),
index parent(parent),

			index modified(modified))
			ENGINE=InnoDB
			ROW_FORMAT=DYNAMIC
			CHARACTER SET=utf8mb4
			COLLATE=utf8mb4_unicode_ci
2023-12-14 10:12:22,513 WARNING database DDL Query made to DB:
create table `tabCalender` (
			name varchar(140) primary key,
			creation datetime(6),
			modified datetime(6),
			modified_by varchar(140),
			owner varchar(140),
			docstatus int(1) not null default '0',
			idx int(8) not null default '0',
			`month` varchar(140),
`year` varchar(140),
`dates` varchar(140),
`_user_tags` text,
`_comments` text,
`_assign` text,
`_liked_by` text,

			index modified(modified))
			ENGINE=InnoDB
			ROW_FORMAT=DYNAMIC
			CHARACTER SET=utf8mb4
			COLLATE=utf8mb4_unicode_ci
2023-12-14 10:12:43,416 WARNING database DDL Query made to DB:
ALTER TABLE `tabCalender` ADD COLUMN `date` varchar(140)
2023-12-14 10:13:16,437 WARNING database DDL Query made to DB:
ALTER TABLE `tabCalender` ADD COLUMN `date_available` varchar(140)
2023-12-14 10:16:42,391 WARNING database DDL Query made to DB:
ALTER TABLE `tabCalender` MODIFY `year` int(11) not null default 0
2023-12-14 10:16:58,745 WARNING database DDL Query made to DB:
ALTER TABLE `tabCalender` ADD COLUMN `date_availabl` varchar(140)
2023-12-14 10:21:18,125 WARNING database DDL Query made to DB:
ALTER TABLE `tabCalender` MODIFY `date_available` date
2023-12-14 11:28:16,934 WARNING database DDL Query made to DB:
ALTER TABLE `tabDates` ADD COLUMN `learned_things` varchar(140)
2023-12-14 13:27:22,026 WARNING database DDL Query made to DB:
RENAME TABLE `tabCalender` TO `tabCalend`
2023-12-14 17:28:10,503 WARNING database DDL Query made to DB:
ALTER TABLE `tabDates` ADD COLUMN `task_done` varchar(140), ADD COLUMN `learned_today` varchar(140)
2023-12-15 17:53:02,765 WARNING database DDL Query made to DB:
ALTER TABLE `tabLibrary Member` ADD COLUMN `id_proof` text, ADD COLUMN `valid_till` date, ADD COLUMN `full_address` text
2023-12-18 15:24:38,285 WARNING database DDL Query made to DB:
create table `tabCleint Side Scripting` (
			name varchar(140) primary key,
			creation datetime(6),
			modified datetime(6),
			modified_by varchar(140),
			owner varchar(140),
			docstatus int(1) not null default '0',
			idx int(8) not null default '0',
			`enabled` int(1) not null default 0,
`first_name` varchar(140),
`middle_name` varchar(140),
`last_name` varchar(140),
`full_name` varchar(140),
`email` varchar(140),
`phone_no` varchar(140),
`date_of_birth` date,
`age` int(11) not null default 0,
`family_members` varchar(140),
`amended_from` varchar(140),
`_user_tags` text,
`_comments` text,
`_assign` text,
`_liked_by` text,
index `amended_from`(`amended_from`),

			index modified(modified))
			ENGINE=InnoDB
			ROW_FORMAT=DYNAMIC
			CHARACTER SET=utf8mb4
			COLLATE=utf8mb4_unicode_ci
2023-12-18 15:24:51,193 WARNING database DDL Query made to DB:
RENAME TABLE `tabCleint Side Scripting` TO `tabClient Side Scripting`
2023-12-18 15:26:59,303 WARNING database DDL Query made to DB:
create table `tabFamily Members` (
			name varchar(140) primary key,
			creation datetime(6),
			modified datetime(6),
			modified_by varchar(140),
			owner varchar(140),
			docstatus int(1) not null default '0',
			idx int(8) not null default '0',
			`name1` varchar(140),
`age` int(11) not null default 0,
`relation` varchar(140),
parent varchar(140),
parentfield varchar(140),
parenttype varchar(140),
index parent(parent),

			index modified(modified))
			ENGINE=InnoDB
			ROW_FORMAT=DYNAMIC
			CHARACTER SET=utf8mb4
			COLLATE=utf8mb4_unicode_ci
2023-12-18 15:30:09,332 WARNING database DDL Query made to DB:
ALTER TABLE `tabClient Side Scripting` ADD COLUMN `amended_form` varchar(140)
2023-12-19 09:33:26,378 WARNING database DDL Query made to DB:
create table `tabMembers` (
			name varchar(140) primary key,
			creation datetime(6),
			modified datetime(6),
			modified_by varchar(140),
			owner varchar(140),
			docstatus int(1) not null default '0',
			idx int(8) not null default '0',
			`first_name` varchar(140),
`last_name` varchar(140),
`full_name` varchar(140),
`age` int(11) not null default 0,
`date_of_birth` date,
`photo` text,
`full_address` text,
`_user_tags` text,
`_comments` text,
`_assign` text,
`_liked_by` text,

			index modified(modified))
			ENGINE=InnoDB
			ROW_FORMAT=DYNAMIC
			CHARACTER SET=utf8mb4
			COLLATE=utf8mb4_unicode_ci
2023-12-19 09:56:46,499 WARNING database DDL Query made to DB:
ALTER TABLE `tabMembers` ADD COLUMN `phone` int(11) not null default 0
2023-12-19 11:08:51,211 WARNING database DDL Query made to DB:
ALTER TABLE `tabMembers` MODIFY `phone` int(10) not null default 0
2023-12-19 11:17:30,586 WARNING database DDL Query made to DB:
ALTER TABLE `tabMembers` MODIFY `phone` bigint(20) not null default 0
2023-12-19 11:19:24,851 WARNING database DDL Query made to DB:
ALTER TABLE `tabMembers` MODIFY `phone` varchar(100)
2023-12-19 14:59:52,884 WARNING database DDL Query made to DB:
ALTER TABLE `tabMembers` ADD COLUMN `email` varchar(140)
2023-12-21 14:49:59,882 WARNING database DDL Query made to DB:
create table `tabMCQ TEST` (
			name varchar(140) primary key,
			creation datetime(6),
			modified datetime(6),
			modified_by varchar(140),
			owner varchar(140),
			docstatus int(1) not null default '0',
			idx int(8) not null default '0',
			`full_name` varchar(140),
`language` varchar(140),
`amended_from` varchar(140),
`_user_tags` text,
`_comments` text,
`_assign` text,
`_liked_by` text,
index `amended_from`(`amended_from`),

			index modified(modified))
			ENGINE=InnoDB
			ROW_FORMAT=DYNAMIC
			CHARACTER SET=utf8mb4
			COLLATE=utf8mb4_unicode_ci
2023-12-21 14:55:01,817 WARNING database DDL Query made to DB:
create table `tabPython` (
			name varchar(140) primary key,
			creation datetime(6),
			modified datetime(6),
			modified_by varchar(140),
			owner varchar(140),
			docstatus int(1) not null default '0',
			idx int(8) not null default '0',
			`question_one` varchar(140),
`question_two` varchar(140),
`question_three` varchar(140),
parent varchar(140),
parentfield varchar(140),
parenttype varchar(140),
index parent(parent),

			index modified(modified))
			ENGINE=InnoDB
			ROW_FORMAT=DYNAMIC
			CHARACTER SET=utf8mb4
			COLLATE=utf8mb4_unicode_ci
2023-12-21 15:05:14,456 WARNING database DDL Query made to DB:
ALTER TABLE `tabWeb Page` MODIFY `idx` int(11) not null default 0
2023-12-21 15:05:15,255 WARNING database DDL Query made to DB:
RENAME TABLE `tabPython` TO `tabChildtable`
2023-12-21 15:07:53,388 WARNING database DDL Query made to DB:
ALTER TABLE `tabChildtable` ADD COLUMN `questions` varchar(140), ADD COLUMN `options` varchar(140)
2023-12-21 15:21:50,476 WARNING database DDL Query made to DB:
create table `tabMy doc` (
			name varchar(140) primary key,
			creation datetime(6),
			modified datetime(6),
			modified_by varchar(140),
			owner varchar(140),
			docstatus int(1) not null default '0',
			idx int(8) not null default '0',
			`article_name` varchar(140),
`image` text,
`author` varchar(140),
`description` longtext,
`isbn` varchar(140),
`status` varchar(140),
`publisher` varchar(140),
`route` varchar(140),
`_user_tags` text,
`_comments` text,
`_assign` text,
`_liked_by` text,

			index modified(modified))
			ENGINE=InnoDB
			ROW_FORMAT=DYNAMIC
			CHARACTER SET=utf8mb4
			COLLATE=utf8mb4_unicode_ci
2023-12-21 15:22:12,502 WARNING database DDL Query made to DB:
create table `tabvisual doc` (
			name varchar(140) primary key,
			creation datetime(6),
			modified datetime(6),
			modified_by varchar(140),
			owner varchar(140),
			docstatus int(1) not null default '0',
			idx int(8) not null default '0',
			`article_name` varchar(140),
`image` text,
`author` varchar(140),
`description` longtext,
`isbn` varchar(140),
`status` varchar(140),
`publisher` varchar(140),
`route` varchar(140),
`_user_tags` text,
`_comments` text,
`_assign` text,
`_liked_by` text,

			index modified(modified))
			ENGINE=InnoDB
			ROW_FORMAT=DYNAMIC
			CHARACTER SET=utf8mb4
			COLLATE=utf8mb4_unicode_ci
2023-12-21 15:22:24,952 WARNING database DDL Query made to DB:
create table `tabVisualize doc` (
			name varchar(140) primary key,
			creation datetime(6),
			modified datetime(6),
			modified_by varchar(140),
			owner varchar(140),
			docstatus int(1) not null default '0',
			idx int(8) not null default '0',
			`article_name` varchar(140),
`image` text,
`author` varchar(140),
`description` longtext,
`isbn` varchar(140),
`status` varchar(140),
`publisher` varchar(140),
`route` varchar(140),
`_user_tags` text,
`_comments` text,
`_assign` text,
`_liked_by` text,

			index modified(modified))
			ENGINE=InnoDB
			ROW_FORMAT=DYNAMIC
			CHARACTER SET=utf8mb4
			COLLATE=utf8mb4_unicode_ci
2023-12-21 15:25:48,016 WARNING database DDL Query made to DB:
create table `tabVisualize Doc` (
			name varchar(140) primary key,
			creation datetime(6),
			modified datetime(6),
			modified_by varchar(140),
			owner varchar(140),
			docstatus int(1) not null default '0',
			idx int(8) not null default '0',
			`name1` varchar(140),
`surname` varchar(140),
`relation` varchar(140),
`age` int(11) not null default 0,
`_user_tags` text,
`_comments` text,
`_assign` text,
`_liked_by` text,

			index modified(modified))
			ENGINE=InnoDB
			ROW_FORMAT=DYNAMIC
			CHARACTER SET=utf8mb4
			COLLATE=utf8mb4_unicode_ci
2023-12-21 15:28:28,553 WARNING database DDL Query made to DB:
create table `tabFamily` (
			name varchar(140) primary key,
			creation datetime(6),
			modified datetime(6),
			modified_by varchar(140),
			owner varchar(140),
			docstatus int(1) not null default '0',
			idx int(8) not null default '0',
			`member_1` text,
`member_2` text,
`member_3` text,
parent varchar(140),
parentfield varchar(140),
parenttype varchar(140),
index parent(parent),

			index modified(modified))
			ENGINE=InnoDB
			ROW_FORMAT=DYNAMIC
			CHARACTER SET=utf8mb4
			COLLATE=utf8mb4_unicode_ci
2023-12-21 15:30:06,486 WARNING database DDL Query made to DB:
ALTER TABLE `tabFamily` MODIFY `member_2` date, MODIFY `member_1` varchar(140), MODIFY `member_3` varchar(140)
2023-12-21 15:31:05,977 WARNING database DDL Query made to DB:
ALTER TABLE `tabFamily` ADD COLUMN `name1` varchar(140), ADD COLUMN `relation` varchar(140)
2023-12-26 10:25:59,254 WARNING database DDL Query made to DB:
create sequence if not exists app_type_generation_paths_id_seq nocache nocycle
2023-12-26 10:25:59,271 WARNING database DDL Query made to DB:
create table `tabApp Type Generation Paths` (
			name bigint primary key,
			creation datetime(6),
			modified datetime(6),
			modified_by varchar(140),
			owner varchar(140),
			docstatus int(1) not null default '0',
			idx int(8) not null default '0',
			`app_name` varchar(140),
`app_path` varchar(140),
parent varchar(140),
parentfield varchar(140),
parenttype varchar(140),
index parent(parent),

			index modified(modified))
			ENGINE=InnoDB
			ROW_FORMAT=DYNAMIC
			CHARACTER SET=utf8mb4
			COLLATE=utf8mb4_unicode_ci
2023-12-28 15:01:53,232 WARNING database DDL Query made to DB:
create table `tabPlot Graphs` (
			name varchar(140) primary key,
			creation datetime(6),
			modified datetime(6),
			modified_by varchar(140),
			owner varchar(140),
			docstatus int(1) not null default '0',
			idx int(8) not null default '0',
			`document` varchar(140),
`x_axis` varchar(140),
`y_axis` varchar(140),
`graph_type` varchar(140),
`_user_tags` text,
`_comments` text,
`_assign` text,
`_liked_by` text,

			index modified(modified))
			ENGINE=InnoDB
			ROW_FORMAT=DYNAMIC
			CHARACTER SET=utf8mb4
			COLLATE=utf8mb4_unicode_ci
2024-01-02 10:05:03,399 WARNING database DDL Query made to DB:
create table `tabData for graph` (
			name varchar(140) primary key,
			creation datetime(6),
			modified datetime(6),
			modified_by varchar(140),
			owner varchar(140),
			docstatus int(1) not null default '0',
			idx int(8) not null default '0',
			`car_name` varchar(140),
`_user_tags` text,
`_comments` text,
`_assign` text,
`_liked_by` text,

			index modified(modified))
			ENGINE=InnoDB
			ROW_FORMAT=DYNAMIC
			CHARACTER SET=utf8mb4
			COLLATE=utf8mb4_unicode_ci
2024-01-02 10:20:03,424 WARNING database DDL Query made to DB:
ALTER TABLE `tabData for graph` ADD COLUMN `year` int(11) not null default 0, ADD COLUMN `selling_price` decimal(21,9) not null default 0, ADD COLUMN `present_price` decimal(21,9) not null default 0, ADD COLUMN `kms_driven` decimal(21,9) not null default 0, ADD COLUMN `fuel_type` varchar(140), ADD COLUMN `seller_type` varchar(140), ADD COLUMN `transmission` varchar(140), ADD COLUMN `owners` varchar(140)
2024-01-02 10:23:24,989 WARNING database DDL Query made to DB:
ALTER TABLE `tabData for graph` MODIFY `selling_price` decimal(21,9) not null default 0, MODIFY `present_price` decimal(21,9) not null default 0, MODIFY `kms_driven` decimal(21,9) not null default 0
2024-01-02 10:25:07,383 WARNING database DDL Query made to DB:
ALTER TABLE `tabData for graph` MODIFY `present_price` decimal(21,9) not null default 0, MODIFY `kms_driven` decimal(21,9) not null default 0, MODIFY `selling_price` decimal(21,9) not null default 0
2024-01-03 15:12:05,437 WARNING database DDL Query made to DB:
ALTER TABLE `tabPlot Graphs` ADD COLUMN `second_document` varchar(140), ADD COLUMN `x_axis_second` varchar(140), ADD COLUMN `y_axis_second` varchar(140)
2024-01-10 15:58:01,662 WARNING database DDL Query made to DB:
DROP USER IF EXISTS '_1fb9db47a8d26d78'@'localhost'
2024-01-10 15:58:04,535 WARNING database DDL Query made to DB:
DROP DATABASE IF EXISTS `_1fb9db47a8d26d78`
2024-01-10 15:58:04,537 WARNING database DDL Query made to DB:
CREATE USER '_1fb9db47a8d26d78'@'localhost' IDENTIFIED BY 'VOJfOcrXPrUYFmu9'
2024-01-10 15:58:04,543 WARNING database DDL Query made to DB:
CREATE DATABASE `_1fb9db47a8d26d78`
2024-01-10 16:22:58,482 WARNING database DDL Query made to DB:
DROP USER IF EXISTS '_1fb9db47a8d26d78'@'localhost'
2024-01-10 16:22:58,552 WARNING database DDL Query made to DB:
DROP DATABASE IF EXISTS `_1fb9db47a8d26d78`
2024-01-10 16:22:58,555 WARNING database DDL Query made to DB:
CREATE USER '_1fb9db47a8d26d78'@'localhost' IDENTIFIED BY 'VOJfOcrXPrUYFmu9'
2024-01-10 16:22:58,556 WARNING database DDL Query made to DB:
CREATE DATABASE `_1fb9db47a8d26d78`
